<?xml version="1.0" encoding="UTF-8"?>
<!-- Generated by org.testng.reporters.JUnitXMLReporter -->
<testsuite ignored="4" hostname="DESKTOP-FKUHHVN" failures="0" tests="3" name="OrangeHRMTestRun" time="17.69" errors="0" timestamp="2024-07-20T23:46:02 IST">
  <testcase classname="orangeHRM.test.LoginTest" name="Login" time="5.8"/>
  <testcase classname="orangeHRM.test.AddEmployeeTest" name="AddEmployee" time="5.172"/>
  <testcase classname="orangeHRM.test.ApplyLeaveTest" name="ApplyLeave" time="4.459"/>
  <testcase classname="orangeHRM.base.OrangeHRMBase" name="@BeforeSuite startApp" time="0.0">
    <ignored/>
  </testcase> <!-- @BeforeSuite startApp -->
  <testcase classname="orangeHRM.base.OrangeHRMBase" name="@AfterSuite closeApp" time="0.0">
    <ignored/>
  </testcase> <!-- @AfterSuite closeApp -->
  <testcase classname="orangeHRM.base.OrangeHRMBase" name="@BeforeSuite startApp" time="0.0">
    <ignored/>
  </testcase> <!-- @BeforeSuite startApp -->
  <testcase classname="orangeHRM.base.OrangeHRMBase" name="@AfterSuite closeApp" time="0.0">
    <ignored/>
  </testcase> <!-- @AfterSuite closeApp -->
</testsuite> <!-- OrangeHRMTestRun -->
