<?xml version="1.0" encoding="UTF-8"?>
<!-- Generated by org.testng.reporters.JUnitXMLReporter -->
<testsuite ignored="4" hostname="DESKTOP-FKUHHVN" failures="0" tests="3" name="OrangeHRMTestRun" time="16.993" errors="0" timestamp="2024-07-14T14:14:40 IST">
  <testcase classname="orangeHRM.test.LoginTest" name="Login" time="5.496"/>
  <testcase classname="orangeHRM.test.AddEmployeeTest" name="AddEmployee" time="4.737"/>
  <testcase classname="orangeHRM.test.ApplyLeaveTest" name="ApplyLeave" time="4.649"/>
  <testcase classname="orangeHRM.base.OrangeHRMBase" name="@AfterSuite closeApp" time="0.0">
    <ignored/>
  </testcase> <!-- @AfterSuite closeApp -->
  <testcase classname="orangeHRM.base.OrangeHRMBase" name="@AfterSuite closeApp" time="0.0">
    <ignored/>
  </testcase> <!-- @AfterSuite closeApp -->
  <testcase classname="orangeHRM.base.OrangeHRMBase" name="@BeforeSuite startApp" time="0.0">
    <ignored/>
  </testcase> <!-- @BeforeSuite startApp -->
  <testcase classname="orangeHRM.base.OrangeHRMBase" name="@BeforeSuite startApp" time="0.0">
    <ignored/>
  </testcase> <!-- @BeforeSuite startApp -->
</testsuite> <!-- OrangeHRMTestRun -->
